[2022-05-30 07:57:24.276] Starting up round ID .
 - -------------------------
[2022-05-30 07:58:31.412] HREF: SpaceLove (usr:SpaceLove[ (8,174,1)]) : 
[2022-05-30 07:58:31.412] HREF: SpaceLove (usr:SpaceLove[ (8,174,1)]) : 
[2022-05-30 07:58:59.130] HREF: SpaceLove (usr:SpaceLove[ (8,174,1)]) : 
[2022-05-30 07:58:59.230] HREF: SpaceLove (usr:SpaceLove[ (8,174,1)]) : 
[2022-05-30 07:58:59.230] HREF: SpaceLove (usr:SpaceLove[ (8,174,1)]) : 45c3c7acc69dd413375d77898d24e41e
[2022-05-30 08:00:44.784] HREF: SpaceLove (usr:Parker Ludwig[ (110,161,2)]) : _src_=vars;admin_token=8136107554969101119923701090778101;Vars=[0x21000064]
[2022-05-30 08:00:45.264] HREF: SpaceLove (usr:Parker Ludwig[ (110,161,2)]) : _src_=vars;admin_token=8136107554969101119923701090778101;Vars=[0x21000064]
[2022-05-30 08:01:34.717] HREF: SpaceLove (usr:Parker Ludwig[ (103,137,2)]) : The captain's spare ID safe src=[0x2006c7c];type=8
[2022-05-30 08:01:35.200] HREF: SpaceLove (usr:Parker Ludwig[ (103,137,2)]) : The captain's spare ID safe src=[0x2006c7c];type=0
[2022-05-30 08:01:36.966] HREF: SpaceLove (usr:Parker Ludwig[ (103,137,2)]) : The captain's spare ID safe src=[0x2006c7c];type=2
[2022-05-30 08:01:38.067] HREF: SpaceLove (usr:Parker Ludwig[ (103,137,2)]) : The captain's spare ID safe src=[0x2006c7c];type=7
[2022-05-30 08:01:38.716] HREF: SpaceLove (usr:Parker Ludwig[ (103,137,2)]) : The captain's spare ID safe src=[0x2006c7c];type=2
[2022-05-30 08:01:41.349] HREF: SpaceLove (usr:Parker Ludwig[ (103,137,2)]) : The captain's spare ID safe src=[0x2006c7c];type=E
[2022-05-30 08:10:06.453] HREF: SpaceLove (usr:Parker Ludwig[ (114,93,2)]) : 
[2022-05-30 08:10:06.521] HREF: SpaceLove (usr:Parker Ludwig[ (114,93,2)]) : 
[2022-05-30 08:11:28.155] HREF: SpaceLove (usr:Parker Ludwig[ (111,94,2)]) : The administrative MOD chestplate src=[0x20077f1];list_armor=1
[2022-05-30 08:11:31.366] HREF: SpaceLove (usr:Parker Ludwig[ (111,94,2)]) : The administrative MOD helmet src=[0x200761f];list_armor=1
[2022-05-30 08:11:53.190] HREF: SpaceLove (usr:Parker Ludwig[ (111,94,2)]) : The welding mask src=[0x20077e6];list_armor=1
